2019-09-18 11:26:22,082 INFO PERFORMANCE:|0|0|-1|-1

2019-09-18 11:31:23,020 INFO PERFORMANCE:|0|0|-1|-1

2019-09-18 11:36:23,022 INFO PERFORMANCE:|0|0|-1|-1

2019-09-18 11:41:23,024 INFO PERFORMANCE:|0|0|-1|-1

2019-09-18 11:46:23,025 INFO PERFORMANCE:|0|0|-1|-1

2019-09-18 11:51:23,028 INFO PERFORMANCE:|0|0|-1|-1

2019-09-18 11:56:23,030 INFO PERFORMANCE:|0|0|-1|-1

2019-09-18 12:01:23,031 INFO PERFORMANCE:|0|0|-1|-1

2019-09-18 12:06:23,032 INFO PERFORMANCE:|0|0|-1|-1

2019-09-18 12:11:23,034 INFO PERFORMANCE:|0|0|-1|-1

2019-09-18 12:16:23,035 INFO PERFORMANCE:|0|0|-1|-1

2019-09-18 12:21:23,045 INFO PERFORMANCE:|0|0|-1|-1

2019-09-18 12:26:23,047 INFO PERFORMANCE:|0|0|-1|-1

2019-09-18 12:31:23,049 INFO PERFORMANCE:|0|0|-1|-1

2019-09-18 12:36:23,051 INFO PERFORMANCE:|0|0|-1|-1

2019-09-18 12:41:23,052 INFO PERFORMANCE:|0|0|-1|-1

2019-09-18 12:46:23,053 INFO PERFORMANCE:|0|0|-1|-1

2019-09-18 12:51:23,055 INFO PERFORMANCE:|0|0|-1|-1

2019-09-18 12:56:23,056 INFO PERFORMANCE:|0|0|-1|-1

2019-09-18 13:01:23,058 INFO PERFORMANCE:|0|0|-1|-1

2019-09-18 13:06:23,059 INFO PERFORMANCE:|0|0|-1|-1

2019-09-18 13:11:23,060 INFO PERFORMANCE:|0|0|-1|-1

2019-09-18 13:16:23,062 INFO PERFORMANCE:|0|0|-1|-1

2019-09-18 13:21:23,062 INFO PERFORMANCE:|0|0|-1|-1

2019-09-18 13:26:23,063 INFO PERFORMANCE:|0|0|-1|-1

2019-09-18 13:31:23,065 INFO PERFORMANCE:|0|0|-1|-1

2019-09-18 13:36:23,067 INFO PERFORMANCE:|0|0|-1|-1

2019-09-18 13:41:23,068 INFO PERFORMANCE:|0|0|-1|-1

2019-09-18 13:46:23,070 INFO PERFORMANCE:|0|0|-1|-1

2019-09-18 13:51:23,071 INFO PERFORMANCE:|0|0|-1|-1

2019-09-18 13:56:23,073 INFO PERFORMANCE:|0|0|-1|-1

2019-09-18 14:01:23,073 INFO PERFORMANCE:|0|0|-1|-1

2019-09-18 14:06:23,076 INFO PERFORMANCE:|0|0|-1|-1

2019-09-18 14:11:23,078 INFO PERFORMANCE:|0|0|-1|-1

2019-09-18 14:16:23,081 INFO PERFORMANCE:|0|0|-1|-1

2019-09-18 14:21:23,083 INFO PERFORMANCE:|0|0|-1|-1

2019-09-18 14:26:23,083 INFO PERFORMANCE:|0|0|-1|-1

2019-09-18 14:31:23,085 INFO PERFORMANCE:|0|0|-1|-1

2019-09-18 14:36:23,086 INFO PERFORMANCE:|0|0|-1|-1

2019-09-18 14:41:23,088 INFO PERFORMANCE:|0|0|-1|-1

2019-09-18 14:46:23,090 INFO PERFORMANCE:|0|0|-1|-1

